Resetting modules to system default. Reseting $MODULEPATH back to system default. All extra directories will be removed from $MODULEPATH.
Collecting package metadata (current_repodata.json): ...working... done
Solving environment: ...working... done

## Package Plan ##

  environment location: /home/willf20/.conda/envs/myenv

  added / updated specs:
    - python=3.8


The following NEW packages will be INSTALLED:

  _libgcc_mutex      pkgs/main/linux-64::_libgcc_mutex-0.1-main
  _openmp_mutex      pkgs/main/linux-64::_openmp_mutex-5.1-1_gnu
  ca-certificates    pkgs/main/linux-64::ca-certificates-2023.08.22-h06a4308_0
  ld_impl_linux-64   pkgs/main/linux-64::ld_impl_linux-64-2.38-h1181459_1
  libffi             pkgs/main/linux-64::libffi-3.4.4-h6a678d5_0
  libgcc-ng          pkgs/main/linux-64::libgcc-ng-11.2.0-h1234567_1
  libgomp            pkgs/main/linux-64::libgomp-11.2.0-h1234567_1
  libstdcxx-ng       pkgs/main/linux-64::libstdcxx-ng-11.2.0-h1234567_1
  ncurses            pkgs/main/linux-64::ncurses-6.4-h6a678d5_0
  openssl            pkgs/main/linux-64::openssl-3.0.11-h7f8727e_2
  pip                pkgs/main/linux-64::pip-23.2.1-py38h06a4308_0
  python             pkgs/main/linux-64::python-3.8.18-h955ad1f_0
  readline           pkgs/main/linux-64::readline-8.2-h5eee18b_0
  setuptools         pkgs/main/linux-64::setuptools-68.0.0-py38h06a4308_0
  sqlite             pkgs/main/linux-64::sqlite-3.41.2-h5eee18b_0
  tk                 pkgs/main/linux-64::tk-8.6.12-h1ccaba5_0
  wheel              pkgs/main/linux-64::wheel-0.41.2-py38h06a4308_0
  xz                 pkgs/main/linux-64::xz-5.4.2-h5eee18b_0
  zlib               pkgs/main/linux-64::zlib-1.2.13-h5eee18b_0


Preparing transaction: ...working... done
Verifying transaction: ...working... done
Executing transaction: ...working... done
#
# To activate this environment, use
#
#     $ conda activate myenv
#
# To deactivate an active environment, use
#
#     $ conda deactivate

Collecting matplotlib>=3.2.2 (from -r requirements.txt (line 4))
  Obtaining dependency information for matplotlib>=3.2.2 from https://files.pythonhosted.org/packages/08/73/a4af3493a81d6e5e1fdb4c72f4d3573a7e94b60f7c2c69ab0275fdc7cd8e/matplotlib-3.7.3-cp38-cp38-manylinux_2_12_x86_64.manylinux2010_x86_64.whl.metadata
  Using cached matplotlib-3.7.3-cp38-cp38-manylinux_2_12_x86_64.manylinux2010_x86_64.whl.metadata (5.7 kB)
Collecting numpy<1.24.0,>=1.18.5 (from -r requirements.txt (line 5))
  Using cached numpy-1.23.5-cp38-cp38-manylinux_2_17_x86_64.manylinux2014_x86_64.whl (17.1 MB)
Collecting opencv-python>=4.1.1 (from -r requirements.txt (line 6))
  Obtaining dependency information for opencv-python>=4.1.1 from https://files.pythonhosted.org/packages/b7/8a/b2f7e1a434d56bf1d7570fc5941ace0847404e1032d7f1f0b8fed896568d/opencv_python-4.8.1.78-cp37-abi3-manylinux_2_17_x86_64.manylinux2014_x86_64.whl.metadata
  Using cached opencv_python-4.8.1.78-cp37-abi3-manylinux_2_17_x86_64.manylinux2014_x86_64.whl.metadata (19 kB)
Collecting Pillow>=7.1.2 (from -r requirements.txt (line 7))
  Obtaining dependency information for Pillow>=7.1.2 from https://files.pythonhosted.org/packages/0f/ae/4050c0d3ca5d3106cbbce376c58c061dce0a6ff77dae6a30f8e3d285ee7c/Pillow-10.0.1-cp38-cp38-manylinux_2_17_x86_64.manylinux2014_x86_64.whl.metadata
  Using cached Pillow-10.0.1-cp38-cp38-manylinux_2_17_x86_64.manylinux2014_x86_64.whl.metadata (9.5 kB)
Collecting PyYAML>=5.3.1 (from -r requirements.txt (line 8))
  Obtaining dependency information for PyYAML>=5.3.1 from https://files.pythonhosted.org/packages/c8/6b/6600ac24725c7388255b2f5add93f91e58a5d7efaf4af244fdbcc11a541b/PyYAML-6.0.1-cp38-cp38-manylinux_2_17_x86_64.manylinux2014_x86_64.whl.metadata
  Using cached PyYAML-6.0.1-cp38-cp38-manylinux_2_17_x86_64.manylinux2014_x86_64.whl.metadata (2.1 kB)
Collecting requests>=2.23.0 (from -r requirements.txt (line 9))
  Obtaining dependency information for requests>=2.23.0 from https://files.pythonhosted.org/packages/70/8e/0e2d847013cb52cd35b38c009bb167a1a26b2ce6cd6965bf26b47bc0bf44/requests-2.31.0-py3-none-any.whl.metadata
  Using cached requests-2.31.0-py3-none-any.whl.metadata (4.6 kB)
Collecting scipy>=1.4.1 (from -r requirements.txt (line 10))
  Using cached scipy-1.10.1-cp38-cp38-manylinux_2_17_x86_64.manylinux2014_x86_64.whl (34.5 MB)
Collecting torch!=1.12.0,>=1.7.0 (from -r requirements.txt (line 11))
  Obtaining dependency information for torch!=1.12.0,>=1.7.0 from https://files.pythonhosted.org/packages/e1/24/f7fe3fe82583e6891cc3fceeb390f192f6c7f1d87e5a99a949ed33c96167/torch-2.1.0-cp38-cp38-manylinux1_x86_64.whl.metadata
  Using cached torch-2.1.0-cp38-cp38-manylinux1_x86_64.whl.metadata (25 kB)
Collecting torchvision!=0.13.0,>=0.8.1 (from -r requirements.txt (line 12))
  Obtaining dependency information for torchvision!=0.13.0,>=0.8.1 from https://files.pythonhosted.org/packages/c9/52/d3f1c4253ad17e4ab08a2230fb184a3a180e2348db6c144c64977335b654/torchvision-0.16.0-cp38-cp38-manylinux1_x86_64.whl.metadata
  Using cached torchvision-0.16.0-cp38-cp38-manylinux1_x86_64.whl.metadata (6.6 kB)
Collecting tqdm>=4.41.0 (from -r requirements.txt (line 13))
  Obtaining dependency information for tqdm>=4.41.0 from https://files.pythonhosted.org/packages/00/e5/f12a80907d0884e6dff9c16d0c0114d81b8cd07dc3ae54c5e962cc83037e/tqdm-4.66.1-py3-none-any.whl.metadata
  Using cached tqdm-4.66.1-py3-none-any.whl.metadata (57 kB)
Collecting protobuf<4.21.3 (from -r requirements.txt (line 14))
  Using cached protobuf-4.21.2-cp37-abi3-manylinux2014_x86_64.whl (407 kB)
Collecting tensorboard>=2.4.1 (from -r requirements.txt (line 17))
  Obtaining dependency information for tensorboard>=2.4.1 from https://files.pythonhosted.org/packages/bc/a2/ff5f4c299eb37c95299a76015da3f30211468e29d8d6f1d011683279baee/tensorboard-2.14.0-py3-none-any.whl.metadata
  Using cached tensorboard-2.14.0-py3-none-any.whl.metadata (1.8 kB)
Collecting pandas>=1.1.4 (from -r requirements.txt (line 21))
  Obtaining dependency information for pandas>=1.1.4 from https://files.pythonhosted.org/packages/f8/7f/5b047effafbdd34e52c9e2d7e44f729a0655efafb22198c45cf692cdc157/pandas-2.0.3-cp38-cp38-manylinux_2_17_x86_64.manylinux2014_x86_64.whl.metadata
  Using cached pandas-2.0.3-cp38-cp38-manylinux_2_17_x86_64.manylinux2014_x86_64.whl.metadata (18 kB)
Collecting seaborn>=0.11.0 (from -r requirements.txt (line 22))
  Obtaining dependency information for seaborn>=0.11.0 from https://files.pythonhosted.org/packages/7b/e5/83fcd7e9db036c179e0352bfcd20f81d728197a16f883e7b90307a88e65e/seaborn-0.13.0-py3-none-any.whl.metadata
  Using cached seaborn-0.13.0-py3-none-any.whl.metadata (5.3 kB)
Collecting ipython (from -r requirements.txt (line 34))
  Obtaining dependency information for ipython from https://files.pythonhosted.org/packages/8d/97/8fe103906cd81bc42d3b0175b5534a9f67dccae47d6451131cf8d0d70bb2/ipython-8.12.3-py3-none-any.whl.metadata
  Using cached ipython-8.12.3-py3-none-any.whl.metadata (5.7 kB)
Collecting psutil (from -r requirements.txt (line 35))
  Using cached psutil-5.9.5-cp36-abi3-manylinux_2_12_x86_64.manylinux2010_x86_64.manylinux_2_17_x86_64.manylinux2014_x86_64.whl (282 kB)
Collecting thop (from -r requirements.txt (line 36))
  Using cached thop-0.1.1.post2209072238-py3-none-any.whl (15 kB)
Collecting contourpy>=1.0.1 (from matplotlib>=3.2.2->-r requirements.txt (line 4))
  Obtaining dependency information for contourpy>=1.0.1 from https://files.pythonhosted.org/packages/8e/71/7f20855592cc929bc206810432b991ec4c702dc26b0567b132e52c85536f/contourpy-1.1.1-cp38-cp38-manylinux_2_17_x86_64.manylinux2014_x86_64.whl.metadata
  Using cached contourpy-1.1.1-cp38-cp38-manylinux_2_17_x86_64.manylinux2014_x86_64.whl.metadata (5.9 kB)
Collecting cycler>=0.10 (from matplotlib>=3.2.2->-r requirements.txt (line 4))
  Obtaining dependency information for cycler>=0.10 from https://files.pythonhosted.org/packages/e7/05/c19819d5e3d95294a6f5947fb9b9629efb316b96de511b418c53d245aae6/cycler-0.12.1-py3-none-any.whl.metadata
  Downloading cycler-0.12.1-py3-none-any.whl.metadata (3.8 kB)
Collecting fonttools>=4.22.0 (from matplotlib>=3.2.2->-r requirements.txt (line 4))
  Obtaining dependency information for fonttools>=4.22.0 from https://files.pythonhosted.org/packages/a6/b8/965acdc0510d0ceca51bb9b9286a600eb8221d1e79d29da16f5bf035deab/fonttools-4.43.1-cp38-cp38-manylinux_2_17_x86_64.manylinux2014_x86_64.whl.metadata
  Downloading fonttools-4.43.1-cp38-cp38-manylinux_2_17_x86_64.manylinux2014_x86_64.whl.metadata (152 kB)
     ━━━━━━━━━━━━━━━━━━━━━━━━━━━━━━━━━━━━━━━ 152.4/152.4 kB 2.7 MB/s eta 0:00:00
Collecting kiwisolver>=1.0.1 (from matplotlib>=3.2.2->-r requirements.txt (line 4))
  Obtaining dependency information for kiwisolver>=1.0.1 from https://files.pythonhosted.org/packages/d2/55/7021ffcc8cb26a520bb051aa0a3d08daf200cde945e5863d5768161e2d3d/kiwisolver-1.4.5-cp38-cp38-manylinux_2_5_x86_64.manylinux1_x86_64.whl.metadata
  Using cached kiwisolver-1.4.5-cp38-cp38-manylinux_2_5_x86_64.manylinux1_x86_64.whl.metadata (6.4 kB)
Collecting packaging>=20.0 (from matplotlib>=3.2.2->-r requirements.txt (line 4))
  Obtaining dependency information for packaging>=20.0 from https://files.pythonhosted.org/packages/ec/1a/610693ac4ee14fcdf2d9bf3c493370e4f2ef7ae2e19217d7a237ff42367d/packaging-23.2-py3-none-any.whl.metadata
  Using cached packaging-23.2-py3-none-any.whl.metadata (3.2 kB)
Collecting pyparsing>=2.3.1 (from matplotlib>=3.2.2->-r requirements.txt (line 4))
  Obtaining dependency information for pyparsing>=2.3.1 from https://files.pythonhosted.org/packages/39/92/8486ede85fcc088f1b3dba4ce92dd29d126fd96b0008ea213167940a2475/pyparsing-3.1.1-py3-none-any.whl.metadata
  Using cached pyparsing-3.1.1-py3-none-any.whl.metadata (5.1 kB)
Collecting python-dateutil>=2.7 (from matplotlib>=3.2.2->-r requirements.txt (line 4))
  Using cached python_dateutil-2.8.2-py2.py3-none-any.whl (247 kB)
Collecting importlib-resources>=3.2.0 (from matplotlib>=3.2.2->-r requirements.txt (line 4))
  Obtaining dependency information for importlib-resources>=3.2.0 from https://files.pythonhosted.org/packages/65/6e/09d8816b5cb7a4006ef8ad1717a2703ad9f331dae9717d9f22488a2d6469/importlib_resources-6.1.0-py3-none-any.whl.metadata
  Using cached importlib_resources-6.1.0-py3-none-any.whl.metadata (4.1 kB)
Collecting charset-normalizer<4,>=2 (from requests>=2.23.0->-r requirements.txt (line 9))
  Obtaining dependency information for charset-normalizer<4,>=2 from https://files.pythonhosted.org/packages/1e/c8/fd52271326c052f95f47ef718b018aa2bc3fd097d9bac44d7d48894c6130/charset_normalizer-3.3.0-cp38-cp38-manylinux_2_17_x86_64.manylinux2014_x86_64.whl.metadata
  Using cached charset_normalizer-3.3.0-cp38-cp38-manylinux_2_17_x86_64.manylinux2014_x86_64.whl.metadata (32 kB)
Collecting idna<4,>=2.5 (from requests>=2.23.0->-r requirements.txt (line 9))
  Using cached idna-3.4-py3-none-any.whl (61 kB)
Collecting urllib3<3,>=1.21.1 (from requests>=2.23.0->-r requirements.txt (line 9))
  Obtaining dependency information for urllib3<3,>=1.21.1 from https://files.pythonhosted.org/packages/26/40/9957270221b6d3e9a3b92fdfba80dd5c9661ff45a664b47edd5d00f707f5/urllib3-2.0.6-py3-none-any.whl.metadata
  Using cached urllib3-2.0.6-py3-none-any.whl.metadata (6.6 kB)
Collecting certifi>=2017.4.17 (from requests>=2.23.0->-r requirements.txt (line 9))
  Obtaining dependency information for certifi>=2017.4.17 from https://files.pythonhosted.org/packages/4c/dd/2234eab22353ffc7d94e8d13177aaa050113286e93e7b40eae01fbf7c3d9/certifi-2023.7.22-py3-none-any.whl.metadata
  Using cached certifi-2023.7.22-py3-none-any.whl.metadata (2.2 kB)
Collecting filelock (from torch!=1.12.0,>=1.7.0->-r requirements.txt (line 11))
  Obtaining dependency information for filelock from https://files.pythonhosted.org/packages/5e/5d/97afbafd9d584ff1b45fcb354a479a3609bd97f912f8f1f6c563cb1fae21/filelock-3.12.4-py3-none-any.whl.metadata
  Using cached filelock-3.12.4-py3-none-any.whl.metadata (2.8 kB)
Collecting typing-extensions (from torch!=1.12.0,>=1.7.0->-r requirements.txt (line 11))
  Obtaining dependency information for typing-extensions from https://files.pythonhosted.org/packages/24/21/7d397a4b7934ff4028987914ac1044d3b7d52712f30e2ac7a2ae5bc86dd0/typing_extensions-4.8.0-py3-none-any.whl.metadata
  Using cached typing_extensions-4.8.0-py3-none-any.whl.metadata (3.0 kB)
Collecting sympy (from torch!=1.12.0,>=1.7.0->-r requirements.txt (line 11))
  Using cached sympy-1.12-py3-none-any.whl (5.7 MB)
Collecting networkx (from torch!=1.12.0,>=1.7.0->-r requirements.txt (line 11))
  Using cached networkx-3.1-py3-none-any.whl (2.1 MB)
Collecting jinja2 (from torch!=1.12.0,>=1.7.0->-r requirements.txt (line 11))
  Using cached Jinja2-3.1.2-py3-none-any.whl (133 kB)
Collecting fsspec (from torch!=1.12.0,>=1.7.0->-r requirements.txt (line 11))
  Obtaining dependency information for fsspec from https://files.pythonhosted.org/packages/fe/d3/e1aa96437d944fbb9cc95d0316e25583886e9cd9e6adc07baad943524eda/fsspec-2023.9.2-py3-none-any.whl.metadata
  Using cached fsspec-2023.9.2-py3-none-any.whl.metadata (6.7 kB)
Collecting nvidia-cuda-nvrtc-cu12==12.1.105 (from torch!=1.12.0,>=1.7.0->-r requirements.txt (line 11))
  Using cached nvidia_cuda_nvrtc_cu12-12.1.105-py3-none-manylinux1_x86_64.whl (23.7 MB)
Collecting nvidia-cuda-runtime-cu12==12.1.105 (from torch!=1.12.0,>=1.7.0->-r requirements.txt (line 11))
  Using cached nvidia_cuda_runtime_cu12-12.1.105-py3-none-manylinux1_x86_64.whl (823 kB)
Collecting nvidia-cuda-cupti-cu12==12.1.105 (from torch!=1.12.0,>=1.7.0->-r requirements.txt (line 11))
  Using cached nvidia_cuda_cupti_cu12-12.1.105-py3-none-manylinux1_x86_64.whl (14.1 MB)
Collecting nvidia-cudnn-cu12==8.9.2.26 (from torch!=1.12.0,>=1.7.0->-r requirements.txt (line 11))
  Obtaining dependency information for nvidia-cudnn-cu12==8.9.2.26 from https://files.pythonhosted.org/packages/ff/74/a2e2be7fb83aaedec84f391f082cf765dfb635e7caa9b49065f73e4835d8/nvidia_cudnn_cu12-8.9.2.26-py3-none-manylinux1_x86_64.whl.metadata
  Using cached nvidia_cudnn_cu12-8.9.2.26-py3-none-manylinux1_x86_64.whl.metadata (1.6 kB)
Collecting nvidia-cublas-cu12==12.1.3.1 (from torch!=1.12.0,>=1.7.0->-r requirements.txt (line 11))
  Using cached nvidia_cublas_cu12-12.1.3.1-py3-none-manylinux1_x86_64.whl (410.6 MB)
Collecting nvidia-cufft-cu12==11.0.2.54 (from torch!=1.12.0,>=1.7.0->-r requirements.txt (line 11))
  Using cached nvidia_cufft_cu12-11.0.2.54-py3-none-manylinux1_x86_64.whl (121.6 MB)
Collecting nvidia-curand-cu12==10.3.2.106 (from torch!=1.12.0,>=1.7.0->-r requirements.txt (line 11))
  Using cached nvidia_curand_cu12-10.3.2.106-py3-none-manylinux1_x86_64.whl (56.5 MB)
Collecting nvidia-cusolver-cu12==11.4.5.107 (from torch!=1.12.0,>=1.7.0->-r requirements.txt (line 11))
  Using cached nvidia_cusolver_cu12-11.4.5.107-py3-none-manylinux1_x86_64.whl (124.2 MB)
Collecting nvidia-cusparse-cu12==12.1.0.106 (from torch!=1.12.0,>=1.7.0->-r requirements.txt (line 11))
  Using cached nvidia_cusparse_cu12-12.1.0.106-py3-none-manylinux1_x86_64.whl (196.0 MB)
Collecting nvidia-nccl-cu12==2.18.1 (from torch!=1.12.0,>=1.7.0->-r requirements.txt (line 11))
  Using cached nvidia_nccl_cu12-2.18.1-py3-none-manylinux1_x86_64.whl (209.8 MB)
Collecting nvidia-nvtx-cu12==12.1.105 (from torch!=1.12.0,>=1.7.0->-r requirements.txt (line 11))
  Using cached nvidia_nvtx_cu12-12.1.105-py3-none-manylinux1_x86_64.whl (99 kB)
Collecting triton==2.1.0 (from torch!=1.12.0,>=1.7.0->-r requirements.txt (line 11))
  Obtaining dependency information for triton==2.1.0 from https://files.pythonhosted.org/packages/72/98/34f43ed68ee6455ea874f749a5515c0600243186301ecd83819d942ce08a/triton-2.1.0-0-cp38-cp38-manylinux2014_x86_64.manylinux_2_17_x86_64.whl.metadata
  Using cached triton-2.1.0-0-cp38-cp38-manylinux2014_x86_64.manylinux_2_17_x86_64.whl.metadata (1.3 kB)
Collecting nvidia-nvjitlink-cu12 (from nvidia-cusolver-cu12==11.4.5.107->torch!=1.12.0,>=1.7.0->-r requirements.txt (line 11))
  Obtaining dependency information for nvidia-nvjitlink-cu12 from https://files.pythonhosted.org/packages/0a/f8/5193b57555cbeecfdb6ade643df0d4218cc6385485492b6e2f64ceae53bb/nvidia_nvjitlink_cu12-12.2.140-py3-none-manylinux1_x86_64.whl.metadata
  Using cached nvidia_nvjitlink_cu12-12.2.140-py3-none-manylinux1_x86_64.whl.metadata (1.5 kB)
Collecting absl-py>=0.4 (from tensorboard>=2.4.1->-r requirements.txt (line 17))
  Obtaining dependency information for absl-py>=0.4 from https://files.pythonhosted.org/packages/01/e4/dc0a1dcc4e74e08d7abedab278c795eef54a224363bb18f5692f416d834f/absl_py-2.0.0-py3-none-any.whl.metadata
  Using cached absl_py-2.0.0-py3-none-any.whl.metadata (2.3 kB)
Collecting grpcio>=1.48.2 (from tensorboard>=2.4.1->-r requirements.txt (line 17))
  Obtaining dependency information for grpcio>=1.48.2 from https://files.pythonhosted.org/packages/d6/a1/c5ca3fb951edb7bab892e61e24c72fc7359ae48916cf7352cde9d712867d/grpcio-1.59.0-cp38-cp38-manylinux_2_17_x86_64.manylinux2014_x86_64.whl.metadata
  Using cached grpcio-1.59.0-cp38-cp38-manylinux_2_17_x86_64.manylinux2014_x86_64.whl.metadata (4.0 kB)
Collecting google-auth<3,>=1.6.3 (from tensorboard>=2.4.1->-r requirements.txt (line 17))
  Obtaining dependency information for google-auth<3,>=1.6.3 from https://files.pythonhosted.org/packages/d7/88/1826b0c047c48763b36ed854a984127b430a16b70003155d7b19975f1d59/google_auth-2.23.2-py2.py3-none-any.whl.metadata
  Using cached google_auth-2.23.2-py2.py3-none-any.whl.metadata (4.2 kB)
Collecting google-auth-oauthlib<1.1,>=0.5 (from tensorboard>=2.4.1->-r requirements.txt (line 17))
  Using cached google_auth_oauthlib-1.0.0-py2.py3-none-any.whl (18 kB)
Collecting markdown>=2.6.8 (from tensorboard>=2.4.1->-r requirements.txt (line 17))
  Obtaining dependency information for markdown>=2.6.8 from https://files.pythonhosted.org/packages/bb/c1/50caaec6cadc1c6adc8fe351e03bd646d6e4dd17f55fca0f4c8d7ea8d3e9/Markdown-3.5-py3-none-any.whl.metadata
  Downloading Markdown-3.5-py3-none-any.whl.metadata (7.1 kB)
Requirement already satisfied: setuptools>=41.0.0 in /home/willf20/.conda/envs/myenv/lib/python3.8/site-packages (from tensorboard>=2.4.1->-r requirements.txt (line 17)) (68.0.0)
Collecting tensorboard-data-server<0.8.0,>=0.7.0 (from tensorboard>=2.4.1->-r requirements.txt (line 17))
  Obtaining dependency information for tensorboard-data-server<0.8.0,>=0.7.0 from https://files.pythonhosted.org/packages/02/52/fb9e51fba47951aabd7a6b25e41d73eae94208ccf62d886168096941a781/tensorboard_data_server-0.7.1-py3-none-manylinux2014_x86_64.whl.metadata
  Using cached tensorboard_data_server-0.7.1-py3-none-manylinux2014_x86_64.whl.metadata (1.1 kB)
Collecting werkzeug>=1.0.1 (from tensorboard>=2.4.1->-r requirements.txt (line 17))
  Obtaining dependency information for werkzeug>=1.0.1 from https://files.pythonhosted.org/packages/b6/a5/54b01f663d60d5334f6c9c87c26274e94617a4fd463d812463626423b10d/werkzeug-3.0.0-py3-none-any.whl.metadata
  Using cached werkzeug-3.0.0-py3-none-any.whl.metadata (4.1 kB)
Requirement already satisfied: wheel>=0.26 in /home/willf20/.conda/envs/myenv/lib/python3.8/site-packages (from tensorboard>=2.4.1->-r requirements.txt (line 17)) (0.41.2)
Collecting pytz>=2020.1 (from pandas>=1.1.4->-r requirements.txt (line 21))
  Obtaining dependency information for pytz>=2020.1 from https://files.pythonhosted.org/packages/32/4d/aaf7eff5deb402fd9a24a1449a8119f00d74ae9c2efa79f8ef9994261fc2/pytz-2023.3.post1-py2.py3-none-any.whl.metadata
  Using cached pytz-2023.3.post1-py2.py3-none-any.whl.metadata (22 kB)
Collecting tzdata>=2022.1 (from pandas>=1.1.4->-r requirements.txt (line 21))
  Using cached tzdata-2023.3-py2.py3-none-any.whl (341 kB)
Collecting backcall (from ipython->-r requirements.txt (line 34))
  Using cached backcall-0.2.0-py2.py3-none-any.whl (11 kB)
Collecting decorator (from ipython->-r requirements.txt (line 34))
  Using cached decorator-5.1.1-py3-none-any.whl (9.1 kB)
Collecting jedi>=0.16 (from ipython->-r requirements.txt (line 34))
  Obtaining dependency information for jedi>=0.16 from https://files.pythonhosted.org/packages/20/9f/bc63f0f0737ad7a60800bfd472a4836661adae21f9c2535f3957b1e54ceb/jedi-0.19.1-py2.py3-none-any.whl.metadata
  Using cached jedi-0.19.1-py2.py3-none-any.whl.metadata (22 kB)
Collecting matplotlib-inline (from ipython->-r requirements.txt (line 34))
  Using cached matplotlib_inline-0.1.6-py3-none-any.whl (9.4 kB)
Collecting pickleshare (from ipython->-r requirements.txt (line 34))
  Using cached pickleshare-0.7.5-py2.py3-none-any.whl (6.9 kB)
Collecting prompt-toolkit!=3.0.37,<3.1.0,>=3.0.30 (from ipython->-r requirements.txt (line 34))
  Obtaining dependency information for prompt-toolkit!=3.0.37,<3.1.0,>=3.0.30 from https://files.pythonhosted.org/packages/a9/b4/ba77c84edf499877317225d7b7bc047a81f7c2eed9628eeb6bab0ac2e6c9/prompt_toolkit-3.0.39-py3-none-any.whl.metadata
  Using cached prompt_toolkit-3.0.39-py3-none-any.whl.metadata (6.4 kB)
Collecting pygments>=2.4.0 (from ipython->-r requirements.txt (line 34))
  Obtaining dependency information for pygments>=2.4.0 from https://files.pythonhosted.org/packages/43/88/29adf0b44ba6ac85045e63734ae0997d3c58d8b1a91c914d240828d0d73d/Pygments-2.16.1-py3-none-any.whl.metadata
  Using cached Pygments-2.16.1-py3-none-any.whl.metadata (2.5 kB)
Collecting stack-data (from ipython->-r requirements.txt (line 34))
  Obtaining dependency information for stack-data from https://files.pythonhosted.org/packages/f1/7b/ce1eafaf1a76852e2ec9b22edecf1daa58175c090266e9f6c64afcd81d91/stack_data-0.6.3-py3-none-any.whl.metadata
  Using cached stack_data-0.6.3-py3-none-any.whl.metadata (18 kB)
Collecting traitlets>=5 (from ipython->-r requirements.txt (line 34))
  Obtaining dependency information for traitlets>=5 from https://files.pythonhosted.org/packages/85/e9/d82415708306eb348fb16988c4697076119dfbfa266f17f74e514a23a723/traitlets-5.11.2-py3-none-any.whl.metadata
  Using cached traitlets-5.11.2-py3-none-any.whl.metadata (10 kB)
Collecting pexpect>4.3 (from ipython->-r requirements.txt (line 34))
  Using cached pexpect-4.8.0-py2.py3-none-any.whl (59 kB)
Collecting cachetools<6.0,>=2.0.0 (from google-auth<3,>=1.6.3->tensorboard>=2.4.1->-r requirements.txt (line 17))
  Obtaining dependency information for cachetools<6.0,>=2.0.0 from https://files.pythonhosted.org/packages/a9/c9/c8a7710f2cedcb1db9224fdd4d8307c9e48cbddc46c18b515fefc0f1abbe/cachetools-5.3.1-py3-none-any.whl.metadata
  Using cached cachetools-5.3.1-py3-none-any.whl.metadata (5.2 kB)
Collecting pyasn1-modules>=0.2.1 (from google-auth<3,>=1.6.3->tensorboard>=2.4.1->-r requirements.txt (line 17))
  Using cached pyasn1_modules-0.3.0-py2.py3-none-any.whl (181 kB)
Collecting rsa<5,>=3.1.4 (from google-auth<3,>=1.6.3->tensorboard>=2.4.1->-r requirements.txt (line 17))
  Using cached rsa-4.9-py3-none-any.whl (34 kB)
Collecting requests-oauthlib>=0.7.0 (from google-auth-oauthlib<1.1,>=0.5->tensorboard>=2.4.1->-r requirements.txt (line 17))
  Using cached requests_oauthlib-1.3.1-py2.py3-none-any.whl (23 kB)
Collecting zipp>=3.1.0 (from importlib-resources>=3.2.0->matplotlib>=3.2.2->-r requirements.txt (line 4))
  Obtaining dependency information for zipp>=3.1.0 from https://files.pythonhosted.org/packages/d9/66/48866fc6b158c81cc2bfecc04c480f105c6040e8b077bc54c634b4a67926/zipp-3.17.0-py3-none-any.whl.metadata
  Using cached zipp-3.17.0-py3-none-any.whl.metadata (3.7 kB)
Collecting parso<0.9.0,>=0.8.3 (from jedi>=0.16->ipython->-r requirements.txt (line 34))
  Using cached parso-0.8.3-py2.py3-none-any.whl (100 kB)
Collecting importlib-metadata>=4.4 (from markdown>=2.6.8->tensorboard>=2.4.1->-r requirements.txt (line 17))
  Obtaining dependency information for importlib-metadata>=4.4 from https://files.pythonhosted.org/packages/cc/37/db7ba97e676af155f5fcb1a35466f446eadc9104e25b83366e8088c9c926/importlib_metadata-6.8.0-py3-none-any.whl.metadata
  Using cached importlib_metadata-6.8.0-py3-none-any.whl.metadata (5.1 kB)
Collecting ptyprocess>=0.5 (from pexpect>4.3->ipython->-r requirements.txt (line 34))
  Using cached ptyprocess-0.7.0-py2.py3-none-any.whl (13 kB)
Collecting wcwidth (from prompt-toolkit!=3.0.37,<3.1.0,>=3.0.30->ipython->-r requirements.txt (line 34))
  Obtaining dependency information for wcwidth from https://files.pythonhosted.org/packages/58/19/a9ce39f89cf58cf1e7ce01c8bb76ab7e2c7aadbc5a2136c3e192097344f5/wcwidth-0.2.8-py2.py3-none-any.whl.metadata
  Using cached wcwidth-0.2.8-py2.py3-none-any.whl.metadata (13 kB)
Collecting six>=1.5 (from python-dateutil>=2.7->matplotlib>=3.2.2->-r requirements.txt (line 4))
  Using cached six-1.16.0-py2.py3-none-any.whl (11 kB)
Collecting MarkupSafe>=2.1.1 (from werkzeug>=1.0.1->tensorboard>=2.4.1->-r requirements.txt (line 17))
  Obtaining dependency information for MarkupSafe>=2.1.1 from https://files.pythonhosted.org/packages/de/e2/32c14301bb023986dff527a49325b6259cab4ebb4633f69de54af312fc45/MarkupSafe-2.1.3-cp38-cp38-manylinux_2_17_x86_64.manylinux2014_x86_64.whl.metadata
  Using cached MarkupSafe-2.1.3-cp38-cp38-manylinux_2_17_x86_64.manylinux2014_x86_64.whl.metadata (3.0 kB)
Collecting executing>=1.2.0 (from stack-data->ipython->-r requirements.txt (line 34))
  Obtaining dependency information for executing>=1.2.0 from https://files.pythonhosted.org/packages/bb/3f/748594706233e45fd0e6fb57a2fbfe572485009c52b19919d161a0ae5d52/executing-2.0.0-py2.py3-none-any.whl.metadata
  Using cached executing-2.0.0-py2.py3-none-any.whl.metadata (9.0 kB)
Collecting asttokens>=2.1.0 (from stack-data->ipython->-r requirements.txt (line 34))
  Obtaining dependency information for asttokens>=2.1.0 from https://files.pythonhosted.org/packages/4f/25/adda9979586d9606300415c89ad0e4c5b53d72b92d2747a3c634701a6a02/asttokens-2.4.0-py2.py3-none-any.whl.metadata
  Using cached asttokens-2.4.0-py2.py3-none-any.whl.metadata (4.9 kB)
Collecting pure-eval (from stack-data->ipython->-r requirements.txt (line 34))
  Using cached pure_eval-0.2.2-py3-none-any.whl (11 kB)
Collecting mpmath>=0.19 (from sympy->torch!=1.12.0,>=1.7.0->-r requirements.txt (line 11))
  Using cached mpmath-1.3.0-py3-none-any.whl (536 kB)
Collecting pyasn1<0.6.0,>=0.4.6 (from pyasn1-modules>=0.2.1->google-auth<3,>=1.6.3->tensorboard>=2.4.1->-r requirements.txt (line 17))
  Using cached pyasn1-0.5.0-py2.py3-none-any.whl (83 kB)
Collecting oauthlib>=3.0.0 (from requests-oauthlib>=0.7.0->google-auth-oauthlib<1.1,>=0.5->tensorboard>=2.4.1->-r requirements.txt (line 17))
  Using cached oauthlib-3.2.2-py3-none-any.whl (151 kB)
Using cached matplotlib-3.7.3-cp38-cp38-manylinux_2_12_x86_64.manylinux2010_x86_64.whl (9.2 MB)
Using cached opencv_python-4.8.1.78-cp37-abi3-manylinux_2_17_x86_64.manylinux2014_x86_64.whl (61.7 MB)
Using cached Pillow-10.0.1-cp38-cp38-manylinux_2_17_x86_64.manylinux2014_x86_64.whl (3.5 MB)
Using cached PyYAML-6.0.1-cp38-cp38-manylinux_2_17_x86_64.manylinux2014_x86_64.whl (736 kB)
Using cached requests-2.31.0-py3-none-any.whl (62 kB)
Using cached torch-2.1.0-cp38-cp38-manylinux1_x86_64.whl (670.2 MB)
Using cached nvidia_cudnn_cu12-8.9.2.26-py3-none-manylinux1_x86_64.whl (731.7 MB)
Using cached triton-2.1.0-0-cp38-cp38-manylinux2014_x86_64.manylinux_2_17_x86_64.whl (89.2 MB)
Using cached torchvision-0.16.0-cp38-cp38-manylinux1_x86_64.whl (6.9 MB)
Using cached tqdm-4.66.1-py3-none-any.whl (78 kB)
Using cached tensorboard-2.14.0-py3-none-any.whl (5.5 MB)
Using cached pandas-2.0.3-cp38-cp38-manylinux_2_17_x86_64.manylinux2014_x86_64.whl (12.4 MB)
Using cached seaborn-0.13.0-py3-none-any.whl (294 kB)
Using cached ipython-8.12.3-py3-none-any.whl (798 kB)
Using cached absl_py-2.0.0-py3-none-any.whl (130 kB)
Using cached certifi-2023.7.22-py3-none-any.whl (158 kB)
Using cached charset_normalizer-3.3.0-cp38-cp38-manylinux_2_17_x86_64.manylinux2014_x86_64.whl (137 kB)
Using cached contourpy-1.1.1-cp38-cp38-manylinux_2_17_x86_64.manylinux2014_x86_64.whl (301 kB)
Downloading cycler-0.12.1-py3-none-any.whl (8.3 kB)
Downloading fonttools-4.43.1-cp38-cp38-manylinux_2_17_x86_64.manylinux2014_x86_64.whl (4.6 MB)
   ━━━━━━━━━━━━━━━━━━━━━━━━━━━━━━━━━━━━━━━━ 4.6/4.6 MB 12.9 MB/s eta 0:00:00
Using cached google_auth-2.23.2-py2.py3-none-any.whl (181 kB)
Using cached grpcio-1.59.0-cp38-cp38-manylinux_2_17_x86_64.manylinux2014_x86_64.whl (5.3 MB)
Using cached importlib_resources-6.1.0-py3-none-any.whl (33 kB)
Using cached jedi-0.19.1-py2.py3-none-any.whl (1.6 MB)
Using cached kiwisolver-1.4.5-cp38-cp38-manylinux_2_5_x86_64.manylinux1_x86_64.whl (1.2 MB)
Downloading Markdown-3.5-py3-none-any.whl (101 kB)
   ━━━━━━━━━━━━━━━━━━━━━━━━━━━━━━━━━━━━━━━━ 101.7/101.7 kB 5.6 MB/s eta 0:00:00
Using cached packaging-23.2-py3-none-any.whl (53 kB)
Using cached prompt_toolkit-3.0.39-py3-none-any.whl (385 kB)
Using cached Pygments-2.16.1-py3-none-any.whl (1.2 MB)
Using cached pyparsing-3.1.1-py3-none-any.whl (103 kB)
Using cached pytz-2023.3.post1-py2.py3-none-any.whl (502 kB)
Using cached tensorboard_data_server-0.7.1-py3-none-manylinux2014_x86_64.whl (6.6 MB)
Using cached traitlets-5.11.2-py3-none-any.whl (83 kB)
Using cached urllib3-2.0.6-py3-none-any.whl (123 kB)
Using cached werkzeug-3.0.0-py3-none-any.whl (226 kB)
Using cached filelock-3.12.4-py3-none-any.whl (11 kB)
Using cached fsspec-2023.9.2-py3-none-any.whl (173 kB)
Using cached stack_data-0.6.3-py3-none-any.whl (24 kB)
Using cached typing_extensions-4.8.0-py3-none-any.whl (31 kB)
Using cached asttokens-2.4.0-py2.py3-none-any.whl (27 kB)
Using cached cachetools-5.3.1-py3-none-any.whl (9.3 kB)
Using cached executing-2.0.0-py2.py3-none-any.whl (24 kB)
Using cached importlib_metadata-6.8.0-py3-none-any.whl (22 kB)
Using cached MarkupSafe-2.1.3-cp38-cp38-manylinux_2_17_x86_64.manylinux2014_x86_64.whl (25 kB)
Using cached zipp-3.17.0-py3-none-any.whl (7.4 kB)
Using cached nvidia_nvjitlink_cu12-12.2.140-py3-none-manylinux1_x86_64.whl (20.2 MB)
Using cached wcwidth-0.2.8-py2.py3-none-any.whl (31 kB)
Installing collected packages: wcwidth, pytz, pure-eval, ptyprocess, pickleshare, mpmath, executing, backcall, zipp, urllib3, tzdata, typing-extensions, traitlets, tqdm, tensorboard-data-server, sympy, six, PyYAML, pyparsing, pygments, pyasn1, psutil, protobuf, prompt-toolkit, Pillow, pexpect, parso, packaging, oauthlib, nvidia-nvtx-cu12, nvidia-nvjitlink-cu12, nvidia-nccl-cu12, nvidia-curand-cu12, nvidia-cufft-cu12, nvidia-cuda-runtime-cu12, nvidia-cuda-nvrtc-cu12, nvidia-cuda-cupti-cu12, nvidia-cublas-cu12, numpy, networkx, MarkupSafe, kiwisolver, idna, grpcio, fsspec, fonttools, filelock, decorator, cycler, charset-normalizer, certifi, cachetools, absl-py, werkzeug, triton, scipy, rsa, requests, python-dateutil, pyasn1-modules, opencv-python, nvidia-cusparse-cu12, nvidia-cudnn-cu12, matplotlib-inline, jinja2, jedi, importlib-resources, importlib-metadata, contourpy, asttokens, stack-data, requests-oauthlib, pandas, nvidia-cusolver-cu12, matplotlib, markdown, google-auth, torch, seaborn, ipython, google-auth-oauthlib, torchvision, thop, tensorboard
Successfully installed MarkupSafe-2.1.3 Pillow-10.0.1 PyYAML-6.0.1 absl-py-2.0.0 asttokens-2.4.0 backcall-0.2.0 cachetools-5.3.1 certifi-2023.7.22 charset-normalizer-3.3.0 contourpy-1.1.1 cycler-0.12.1 decorator-5.1.1 executing-2.0.0 filelock-3.12.4 fonttools-4.43.1 fsspec-2023.9.2 google-auth-2.23.2 google-auth-oauthlib-1.0.0 grpcio-1.59.0 idna-3.4 importlib-metadata-6.8.0 importlib-resources-6.1.0 ipython-8.12.3 jedi-0.19.1 jinja2-3.1.2 kiwisolver-1.4.5 markdown-3.5 matplotlib-3.7.3 matplotlib-inline-0.1.6 mpmath-1.3.0 networkx-3.1 numpy-1.23.5 nvidia-cublas-cu12-12.1.3.1 nvidia-cuda-cupti-cu12-12.1.105 nvidia-cuda-nvrtc-cu12-12.1.105 nvidia-cuda-runtime-cu12-12.1.105 nvidia-cudnn-cu12-8.9.2.26 nvidia-cufft-cu12-11.0.2.54 nvidia-curand-cu12-10.3.2.106 nvidia-cusolver-cu12-11.4.5.107 nvidia-cusparse-cu12-12.1.0.106 nvidia-nccl-cu12-2.18.1 nvidia-nvjitlink-cu12-12.2.140 nvidia-nvtx-cu12-12.1.105 oauthlib-3.2.2 opencv-python-4.8.1.78 packaging-23.2 pandas-2.0.3 parso-0.8.3 pexpect-4.8.0 pickleshare-0.7.5 prompt-toolkit-3.0.39 protobuf-4.21.2 psutil-5.9.5 ptyprocess-0.7.0 pure-eval-0.2.2 pyasn1-0.5.0 pyasn1-modules-0.3.0 pygments-2.16.1 pyparsing-3.1.1 python-dateutil-2.8.2 pytz-2023.3.post1 requests-2.31.0 requests-oauthlib-1.3.1 rsa-4.9 scipy-1.10.1 seaborn-0.13.0 six-1.16.0 stack-data-0.6.3 sympy-1.12 tensorboard-2.14.0 tensorboard-data-server-0.7.1 thop-0.1.1.post2209072238 torch-2.1.0 torchvision-0.16.0 tqdm-4.66.1 traitlets-5.11.2 triton-2.1.0 typing-extensions-4.8.0 tzdata-2023.3 urllib3-2.0.6 wcwidth-0.2.8 werkzeug-3.0.0 zipp-3.17.0
DETECT_PY_SCRIPT: Normal beginning of execution.
YOLOR 🚀 2023-10-2 torch 2.1.0+cu121 CPU

Namespace(agnostic_nms=False, augment=False, classes=[8], conf_thres=0.25, device='', exist_ok=False, img_size=640, iou_thres=0.45, name='exp', no_trace=False, nosave=False, project='runs/detect', save_conf=False, save_txt=False, source='../Downloads', update=False, view_img=False, weights=['yolov7-e6e.pt'])
Traceback (most recent call last):
  File "/home/willf20/classifier/yolov7_vessel/utils/google_utils.py", line 26, in attempt_download
    assets = [x['name'] for x in response['assets']]  # release assets
KeyError: 'assets'

During handling of the above exception, another exception occurred:

Traceback (most recent call last):
  File "detect.py", line 195, in <module>
    detect()
  File "detect.py", line 34, in detect
    model = attempt_load(weights, map_location=device)  # load FP32 model
  File "/home/willf20/classifier/yolov7_vessel/models/experimental.py", line 251, in attempt_load
    attempt_download(w)
  File "/home/willf20/classifier/yolov7_vessel/utils/google_utils.py", line 31, in attempt_download
    tag = subprocess.check_output('git tag', shell=True).decode().split()[-1]
IndexError: list index out of range
DETECT_PY_SCRIPT: Normal end of execution.
